#
# There is insufficient memory for the Java Runtime Environment to continue.
# Native memory allocation (mmap) failed to map 266338304 bytes for Failed to commit area from 0x0000000702600000 to 0x0000000712400000 of length 266338304.
# Possible reasons:
#   The system is out of physical RAM or swap space
#   The process is running with CompressedOops enabled, and the Java Heap may be blocking the growth of the native heap
# Possible solutions:
#   Reduce memory load on the system
#   Increase physical memory or swap space
#   Check if swap backing store is full
#   Decrease Java heap size (-Xmx/-Xms)
#   Decrease number of Java threads
#   Decrease Java thread stack sizes (-Xss)
#   Set larger code cache with -XX:ReservedCodeCacheSize=
# This output file may be truncated or incomplete.
#
#  Out of Memory Error (./src/hotspot/os/windows/os_windows.cpp:3387), pid=17504, tid=13200
#
# JRE version:  (11.0.14.1+1) (build )
# Java VM: OpenJDK 64-Bit Server VM (11.0.14.1+1, mixed mode, sharing, tiered, compressed oops, g1 gc, windows-amd64)
# No core dump will be written. Minidumps are not enabled by default on client versions of Windows
#

---------------  S U M M A R Y ------------

Command Line: -XX:MaxGCPauseMillis=50 -agentlib:jdwp=transport=dt_socket,address=127.0.0.1:51162 -Dfile.encoding=UTF-8 bluej.runtime.ExecServer UTF-8

Host: Intel(R) Core(TM) i5-8300H CPU @ 2.30GHz, 8 cores, 15G,  Windows 10 , 64 bit Build 19041 (10.0.19041.3570)
Time: Tue Oct 31 10:39:39 2023 Malay Peninsula Standard Time elapsed time: 0.020468 seconds (0d 0h 0m 0s)

---------------  T H R E A D  ---------------

Current thread (0x0000019a02caf000):  JavaThread "Unknown thread" [_thread_in_vm, id=13200, stack(0x00000081bda00000,0x00000081bdb00000)]

Stack: [0x00000081bda00000,0x00000081bdb00000]
Native frames: (J=compiled Java code, j=interpreted, Vv=VM code, C=native code)
V  [jvm.dll+0x61e59a]
V  [jvm.dll+0x7aaca9]
V  [jvm.dll+0x7ac398]
V  [jvm.dll+0x7aca73]
V  [jvm.dll+0x24f9b8]
V  [jvm.dll+0x61b83a]
V  [jvm.dll+0x6100c5]
V  [jvm.dll+0x30772c]
V  [jvm.dll+0x3075b2]
V  [jvm.dll+0x30c2d6]
V  [jvm.dll+0x35272f]
V  [jvm.dll+0x352160]
V  [jvm.dll+0x2e4728]
V  [jvm.dll+0x2e5886]
V  [jvm.dll+0x784b07]
V  [jvm.dll+0x78628f]
V  [jvm.dll+0x35f479]
V  [jvm.dll+0x767aa0]
V  [jvm.dll+0x3ccf1f]
V  [jvm.dll+0x3cf2b1]
C  [jli.dll+0x5207]
C  [ucrtbase.dll+0x21bb2]
C  [KERNEL32.DLL+0x17344]
C  [ntdll.dll+0x526b1]


---------------  P R O C E S S  ---------------

Threads class SMR info:
_java_thread_list=0x0000019a00ba7160, length=0, elements={
}

Java Threads: ( => current thread )

Other Threads:
  0x0000019a02cc5800 GCTaskThread "GC Thread#0" [stack: 0x00000081bdb00000,0x00000081bdc00000] [id=6364]
  0x0000019a02d25800 ConcurrentGCThread "G1 Main Marker" [stack: 0x00000081bdc00000,0x00000081bdd00000] [id=13232]
  0x0000019a02d28000 ConcurrentGCThread "G1 Conc#0" [stack: 0x00000081bdd00000,0x00000081bde00000] [id=7964]

[error occurred during error reporting (printing all threads), id 0xc0000005, EXCEPTION_ACCESS_VIOLATION (0xc0000005) at pc=0x00007fff32893ef7]

VM state:not at safepoint (not fully initialized)

VM Mutex/Monitor currently owned by a thread:  ([mutex/lock_event])
[0x0000019a02cabdc0] Heap_lock - owner thread: 0x0000019a02caf000

Heap address: 0x0000000702600000, size: 4058 MB, Compressed Oops mode: Non-zero based: 0x0000000702600000
Narrow klass base: 0x0000000000000000, Narrow klass shift: 0

GC Heap History (0 events):
No events

Deoptimization events (0 events):
No events

Classes redefined (0 events):
No events

Internal exceptions (0 events):
No events

Events (1 events):
Event: 0.015 Loaded shared library C:\Program Files\Greenfoot\jdk\bin\zip.dll


Dynamic libraries:
0x00007ff6901b0000 - 0x00007ff6901bd000 	C:\Program Files\Greenfoot\jdk\bin\java.exe
0x00007fffc93b0000 - 0x00007fffc95a7000 	C:\Windows\SYSTEM32\ntdll.dll
0x00007fffc86d0000 - 0x00007fffc878d000 	C:\Windows\System32\KERNEL32.DLL
0x00007fffc6e00000 - 0x00007fffc70f6000 	C:\Windows\System32\KERNELBASE.dll
0x00007fffc7100000 - 0x00007fffc7200000 	C:\Windows\System32\ucrtbase.dll
0x00007fff94180000 - 0x00007fff94195000 	C:\Program Files\Greenfoot\jdk\bin\VCRUNTIME140.dll
0x00007fff943b0000 - 0x00007fff943c7000 	C:\Program Files\Greenfoot\jdk\bin\jli.dll
0x00007fffc7f20000 - 0x00007fffc80be000 	C:\Windows\System32\USER32.dll
0x00007fffc7350000 - 0x00007fffc7372000 	C:\Windows\System32\win32u.dll
0x00007fffb16e0000 - 0x00007fffb197a000 	C:\Windows\WinSxS\amd64_microsoft.windows.common-controls_6595b64144ccf1df_6.0.19041.3570_none_60bb2a3971f3e41a\COMCTL32.dll
0x00007fffc9220000 - 0x00007fffc924c000 	C:\Windows\System32\GDI32.dll
0x00007fffc7410000 - 0x00007fffc74ae000 	C:\Windows\System32\msvcrt.dll
0x00007fffc6ce0000 - 0x00007fffc6dfa000 	C:\Windows\System32\gdi32full.dll
0x00007fffc6c40000 - 0x00007fffc6cdd000 	C:\Windows\System32\msvcp_win.dll
0x00007fffc85f0000 - 0x00007fffc8620000 	C:\Windows\System32\IMM32.DLL
0x00007fff822f0000 - 0x00007fff8238b000 	C:\Program Files\Greenfoot\jdk\bin\msvcp140.dll
0x00007fff325a0000 - 0x00007fff33121000 	C:\Program Files\Greenfoot\jdk\bin\server\jvm.dll
0x00007fffc8620000 - 0x00007fffc86ce000 	C:\Windows\System32\ADVAPI32.dll
0x00007fffc7560000 - 0x00007fffc75fc000 	C:\Windows\System32\sechost.dll
0x00007fffc8310000 - 0x00007fffc8436000 	C:\Windows\System32\RPCRT4.dll
0x00007fffc9250000 - 0x00007fffc9258000 	C:\Windows\System32\PSAPI.DLL
0x00007fffacb80000 - 0x00007fffacb89000 	C:\Windows\SYSTEM32\WSOCK32.dll
0x00007fffb40d0000 - 0x00007fffb40f7000 	C:\Windows\SYSTEM32\WINMM.dll
0x00007fffbeb80000 - 0x00007fffbeb8a000 	C:\Windows\SYSTEM32\VERSION.dll
0x00007fffc91b0000 - 0x00007fffc921b000 	C:\Windows\System32\WS2_32.dll
0x00007fffc48f0000 - 0x00007fffc4902000 	C:\Windows\SYSTEM32\kernel.appcore.dll
0x00007fffa1aa0000 - 0x00007fffa1ab0000 	C:\Program Files\Greenfoot\jdk\bin\verify.dll
0x00007fffb3790000 - 0x00007fffb3974000 	C:\Windows\SYSTEM32\DBGHELP.DLL
0x00007fffac970000 - 0x00007fffac9a4000 	C:\Windows\SYSTEM32\dbgcore.DLL
0x00007fffc7380000 - 0x00007fffc7402000 	C:\Windows\System32\bcryptPrimitives.dll
0x00007fff92e90000 - 0x00007fff92eb8000 	C:\Program Files\Greenfoot\jdk\bin\java.dll
0x00007fffa1970000 - 0x00007fffa197a000 	C:\Program Files\Greenfoot\jdk\bin\jimage.dll
0x00007fff82170000 - 0x00007fff821a8000 	C:\Program Files\Greenfoot\jdk\bin\jdwp.dll
0x00007fff92e70000 - 0x00007fff92e88000 	C:\Program Files\Greenfoot\jdk\bin\zip.dll

dbghelp: loaded successfully - version: 4.0.5 - missing functions: none
symbol engine: initialized successfully - sym options: 0x614 - pdb path: .;C:\Program Files\Greenfoot\jdk\bin;C:\Windows\SYSTEM32;C:\Windows\WinSxS\amd64_microsoft.windows.common-controls_6595b64144ccf1df_6.0.19041.3570_none_60bb2a3971f3e41a;C:\Program Files\Greenfoot\jdk\bin\server

VM Arguments:
jvm_args: -XX:MaxGCPauseMillis=50 -agentlib:jdwp=transport=dt_socket,address=127.0.0.1:51162 -Dfile.encoding=UTF-8 
java_command: bluej.runtime.ExecServer UTF-8
java_class_path (initial): C:\Program Files\Greenfoot\lib\greenfoot.jar;C:\Program Files\Greenfoot\lib\bluejcore.jar;C:\Program Files\Greenfoot\lib\bluejeditor.jar;C:\Program Files\Greenfoot\lib\bluejext2.jar;C:\Program Files\Greenfoot\lib\junit-jupiter-5.5.2.jar;C:\Program Files\Greenfoot\lib\junit-jupiter-api-5.5.2.jar;C:\Program Files\Greenfoot\lib\junit-jupiter-engine-5.5.2.jar;C:\Program Files\Greenfoot\lib\junit-jupiter-migrationsupport-5.5.2.jar;C:\Program Files\Greenfoot\lib\junit-jupiter-params-5.5.2.jar;C:\Program Files\Greenfoot\lib\junit-platform-commons-1.5.2.jar;C:\Program Files\Greenfoot\lib\junit-platform-console-1.5.2.jar;C:\Program Files\Greenfoot\lib\junit-platform-console-standalone-1.5.2.jar;C:\Program Files\Greenfoot\lib\junit-platform-engine-1.5.2.jar;C:\Program Files\Greenfoot\lib\junit-platform-launcher-1.5.2.jar;C:\Program Files\Greenfoot\lib\junit-platform-reporting-1.5.2.jar;C:\Program Files\Greenfoot\lib\junit-platform-runner-1.5.2.jar;C:\Program Files\Greenfoot\lib\junit-platform-suite-api-1.5.2.jar;C:\Program Files\Greenfoot\lib\junit-platform-testkit-1.5.2.jar;C:\Program Files\Greenfoot\lib\junit-quickcheck-core-0.9.jar;C:\Program Files\Greenfoot\lib\junit-vintage-engine-5.5.2.jar;C:\Program Files\Greenfoot\lib\hamcrest-core-1.3.jar;C:\Program Files\Greenfoot\lib\bluej.jar;C:\Program Files\Greenfoot\lib\classgraph-4.8.90.jar;C:\Program Files\Greenfoot\lib\diffutils-1.2.1.jar;C:\Program Files\Greenfoot\lib\commons-logging-api-1.1.2.jar;C:\Program Files\Greenfoot\lib\jl1.0.1.jar;C:\Program Files\Greenfoot\lib\opencsv-2.3.jar;C:\Program Files\Greenfoot\lib\xom-1.3.7.jar;C:\Program Files\Greenfoot\lib\lang-stride.jar;C:\Program Files\Greenfoot\lib\nsmenufx-2.1.8.jar;C:\Program Files\Greenfoot\lib\wellbehavedfx-0.3.3.jar;C:\Program Files\Greenfoot\lib\guava-17.0.jar;C:\Program Files\Greenfoot\lib\httpclient-4.1.1.jar;C:\Program Files\Greenfoot\lib\httpcore-4.1.jar;C:\Program Files\Greenfoot\lib\httpmime-4.1.1.jar;C:\Program Files\Greenfo
Launcher Type: SUN_STANDARD

[Global flags]
     intx CICompilerCount                          = 4                                         {product} {ergonomic}
     uint ConcGCThreads                            = 2                                         {product} {ergonomic}
     uint G1ConcRefinementThreads                  = 8                                         {product} {ergonomic}
   size_t G1HeapRegionSize                         = 1048576                                   {product} {ergonomic}
    uintx GCDrainStackTargetSize                   = 64                                        {product} {ergonomic}
   size_t InitialHeapSize                          = 266338304                                 {product} {ergonomic}
   size_t MarkStackSize                            = 4194304                                   {product} {ergonomic}
    uintx MaxGCPauseMillis                         = 50                                        {product} {command line}
   size_t MaxHeapSize                              = 4255121408                                {product} {ergonomic}
   size_t MinHeapDeltaBytes                        = 1048576                                   {product} {ergonomic}
    uintx NonNMethodCodeHeapSize                   = 5836300                                {pd product} {ergonomic}
    uintx NonProfiledCodeHeapSize                  = 122910970                              {pd product} {ergonomic}
    uintx ProfiledCodeHeapSize                     = 122910970                              {pd product} {ergonomic}
    uintx ReservedCodeCacheSize                    = 251658240                              {pd product} {ergonomic}
     bool SegmentedCodeCache                       = true                                      {product} {ergonomic}
     bool UseCompressedClassPointers               = true                                 {lp64_product} {ergonomic}
     bool UseCompressedOops                        = true                                 {lp64_product} {ergonomic}
     bool UseG1GC                                  = true                                      {product} {ergonomic}
     bool UseLargePagesIndividualAllocation        = false                                  {pd product} {ergonomic}

Logging:
Log output configuration:
 #0: stdout all=warning uptime,level,tags
 #1: stderr all=off uptime,level,tags

Environment Variables:
JAVA_HOME=C:\Program Files\Android\Android Studio\jre
PATH=C:\Windows\system32;C:\Windows;C:\Windows\System32\Wbem;C:\Windows\System32\WindowsPowerShell\v1.0\;C:\Windows\System32\OpenSSH\;C:\flutter\bin;C:\Program Files\platform-tools;C:\ProgramData\chocolatey\bin;C:\Program Files\NVIDIA Corporation\NVIDIA NvDLISR;C:\Program Files (x86)\NVIDIA Corporation\PhysX\Common;C:\Users\Pahnal\AppData\Local\Android\Sdk\platform-tools;C:\Users\Pahnal\AppData\Local\Android\Sdk\tools;C:\Program Files\dotnet\;C:\Program Files\nodejs\;C:\Program Files\PuTTY\;C:\Program Files\Git\cmd;C:\Users\Pahnal\AppData\Local\Programs\Python\Python311\Scripts\;C:\Users\Pahnal\AppData\Local\Programs\Python\Python311\;C:\Users\Pahnal\anaconda3;C:\Users\Pahnal\anaconda3\Library\mingw-w64\bin;C:\Users\Pahnal\anaconda3\Library\usr\bin;C:\Users\Pahnal\anaconda3\Library\bin;C:\Users\Pahnal\anaconda3\Scripts;C:\Users\Pahnal\AppData\Local\Microsoft\WindowsApps;C:\Users\Pahnal\AppData\Local\Programs\Microsoft VS Code\bin;C:\tools\dart-sdk\bin;C:\Users\Pahnal\AppData\Roaming\Pub\Cache\bin;C:\Users\Pahnal\AppData\Local\Android\Sdk\platform-tools;C:\Users\Pahnal\AppData\Local\Android\Sdk\tools;C:\Program Files\JetBrains\IntelliJ IDEA Community Edition 2022.2\bin;;C:\Users\Pahnal\AppData\Roaming\npm
USERNAME=Pahnal
OS=Windows_NT
PROCESSOR_IDENTIFIER=Intel64 Family 6 Model 158 Stepping 10, GenuineIntel



---------------  S Y S T E M  ---------------

OS: Windows 10 , 64 bit Build 19041 (10.0.19041.3570)
OS uptime: 0 days 2:23 hours
Hyper-V role detected

CPU:total 8 (initial active 8) (4 cores per cpu, 2 threads per core) family 6 model 158 stepping 10 microcode 0xb4, cmov, cx8, fxsr, mmx, sse, sse2, sse3, ssse3, sse4.1, sse4.2, popcnt, avx, avx2, aes, clmul, erms, 3dnowpref, lzcnt, ht, tsc, tscinvbit, bmi1, bmi2, adx, fma

Memory: 4k page, system-wide physical 16224M (5242M free)
TotalPageFile size 16224M (AvailPageFile size 224M)
current process WorkingSet (physical memory assigned to process): 10M, peak: 10M
current process commit charge ("private bytes"): 60M, peak: 314M

vm_info: OpenJDK 64-Bit Server VM (11.0.14.1+1) for windows-amd64 JRE (11.0.14.1+1), built on Feb  9 2022 01:48:27 by "" with unknown MS VC++:1916

END.
